<?xml version="1.0" encoding="UTF-8"?>
<!-- Generated by org.testng.reporters.JUnitReportReporter -->
<testsuite hostname="LAPTOP-VTMNI8FB" failures="0" tests="1" name="com.jenkinsTest.JenkinsTest" time="0.368" errors="0" timestamp="30 May 2022 12:52:32 GMT" skipped="0">
  <testcase classname="com.jenkinsTest.JenkinsTest" name="demoJenkins1" time="0.368"/>
</testsuite> <!-- com.jenkinsTest.JenkinsTest -->
